app/build/intermediates/manifest_merge_blame_file/debug/manifest-merger-blame-debug-report.txt
1<?xml version="1.0" encoding="utf-8"?>
2<manifest xmlns:android="http://schemas.android.com/apk/res/android"
3    package="com.raywenderlich.android.workmanager"
4    android:versionCode="1"
5    android:versionName="1.0" >
6
7    <uses-sdk
8        android:minSdkVersion="21"
8-->src\main\AndroidManifest.xml
9        android:targetSdkVersion="30" />
9-->src\main\AndroidManifest.xml
10
11    <uses-permission android:name="android.permission.ACCESS_NETWORK_STATE" />
11-->src\main\AndroidManifest.xml:6:5-79
11-->src\main\AndroidManifest.xml:6:22-76
12    <uses-permission android:name="android.permission.INTERNET" />
12-->src\main\AndroidManifest.xml:7:5-67
12-->src\main\AndroidManifest.xml:7:22-64
13    <uses-permission android:name="android.permission.READ_EXTERNAL_STORAGE" />
13-->src\main\AndroidManifest.xml:8:5-80
13-->src\main\AndroidManifest.xml:8:22-77
14    <uses-permission android:name="android.permission.WRITE_EXTERNAL_STORAGE" />
14-->src\main\AndroidManifest.xml:9:5-81
14-->src\main\AndroidManifest.xml:9:22-78
15    <uses-permission android:name="android.permission.WAKE_LOCK" />
15-->[androidx.work:work-runtime:2.5.0] AndroidManifest.xml:25:5-68
15-->[androidx.work:work-runtime:2.5.0] AndroidManifest.xml:25:22-65
16    <uses-permission android:name="android.permission.RECEIVE_BOOT_COMPLETED" />
16-->[androidx.work:work-runtime:2.5.0] AndroidManifest.xml:27:5-81
16-->[androidx.work:work-runtime:2.5.0] AndroidManifest.xml:27:22-78
17    <uses-permission android:name="android.permission.FOREGROUND_SERVICE" />
17-->[androidx.work:work-runtime:2.5.0] AndroidManifest.xml:28:5-77
17-->[androidx.work:work-runtime:2.5.0] AndroidManifest.xml:28:22-74
18
19    <application
19-->src\main\AndroidManifest.xml:11:5-35:19
20        android:name="com.raywenderlich.android.workmanager.WorkManagerApp"
20-->src\main\AndroidManifest.xml:12:9-39
21        android:allowBackup="true"
21-->src\main\AndroidManifest.xml:13:9-35
22        android:appComponentFactory="androidx.core.app.CoreComponentFactory"
22-->[androidx.core:core:1.5.0-rc01] AndroidManifest.xml:24:18-86
23        android:debuggable="true"
24        android:icon="@mipmap/ic_launcher"
24-->src\main\AndroidManifest.xml:14:9-43
25        android:label="@string/app_name"
25-->src\main\AndroidManifest.xml:15:9-41
26        android:launchMode="singleTask"
26-->src\main\AndroidManifest.xml:16:9-40
27        android:roundIcon="@mipmap/ic_launcher_round"
27-->src\main\AndroidManifest.xml:17:9-54
28        android:supportsRtl="true"
28-->src\main\AndroidManifest.xml:18:9-35
29        android:testOnly="true"
30        android:theme="@style/SplashTheme" >
30-->src\main\AndroidManifest.xml:19:9-43
31        <activity android:name="com.raywenderlich.android.workmanager.ui.HomeActivity" >
31-->src\main\AndroidManifest.xml:21:9-28:20
31-->src\main\AndroidManifest.xml:21:19-87
32            <intent-filter>
32-->src\main\AndroidManifest.xml:23:13-26:29
33                <action android:name="android.intent.action.MAIN" />
33-->src\main\AndroidManifest.xml:24:17-69
33-->src\main\AndroidManifest.xml:24:25-66
34
35                <category android:name="android.intent.category.LAUNCHER" />
35-->src\main\AndroidManifest.xml:25:17-77
35-->src\main\AndroidManifest.xml:25:27-74
36            </intent-filter>
37        </activity>
38
39        <provider
39-->[androidx.work:work-runtime:2.5.0] AndroidManifest.xml:31:9-37:35
40            android:name="androidx.work.impl.WorkManagerInitializer"
40-->[androidx.work:work-runtime:2.5.0] AndroidManifest.xml:32:13-69
41            android:authorities="com.raywenderlich.android.workmanager.workmanager-init"
41-->[androidx.work:work-runtime:2.5.0] AndroidManifest.xml:33:13-68
42            android:directBootAware="false"
42-->[androidx.work:work-runtime:2.5.0] AndroidManifest.xml:34:13-44
43            android:exported="false"
43-->[androidx.work:work-runtime:2.5.0] AndroidManifest.xml:35:13-37
44            android:multiprocess="true" />
44-->[androidx.work:work-runtime:2.5.0] AndroidManifest.xml:36:13-40
45
46        <service
46-->[androidx.work:work-runtime:2.5.0] AndroidManifest.xml:39:9-44:35
47            android:name="androidx.work.impl.background.systemalarm.SystemAlarmService"
47-->[androidx.work:work-runtime:2.5.0] AndroidManifest.xml:40:13-88
48            android:directBootAware="false"
48-->[androidx.work:work-runtime:2.5.0] AndroidManifest.xml:41:13-44
49            android:enabled="@bool/enable_system_alarm_service_default"
49-->[androidx.work:work-runtime:2.5.0] AndroidManifest.xml:42:13-72
50            android:exported="false" />
50-->[androidx.work:work-runtime:2.5.0] AndroidManifest.xml:43:13-37
51        <service
51-->[androidx.work:work-runtime:2.5.0] AndroidManifest.xml:45:9-51:35
52            android:name="androidx.work.impl.background.systemjob.SystemJobService"
52-->[androidx.work:work-runtime:2.5.0] AndroidManifest.xml:46:13-84
53            android:directBootAware="false"
53-->[androidx.work:work-runtime:2.5.0] AndroidManifest.xml:47:13-44
54            android:enabled="@bool/enable_system_job_service_default"
54-->[androidx.work:work-runtime:2.5.0] AndroidManifest.xml:48:13-70
55            android:exported="true"
55-->[androidx.work:work-runtime:2.5.0] AndroidManifest.xml:49:13-36
56            android:permission="android.permission.BIND_JOB_SERVICE" />
56-->[androidx.work:work-runtime:2.5.0] AndroidManifest.xml:50:13-69
57        <service
57-->[androidx.work:work-runtime:2.5.0] AndroidManifest.xml:52:9-57:35
58            android:name="androidx.work.impl.foreground.SystemForegroundService"
58-->[androidx.work:work-runtime:2.5.0] AndroidManifest.xml:53:13-81
59            android:directBootAware="false"
59-->[androidx.work:work-runtime:2.5.0] AndroidManifest.xml:54:13-44
60            android:enabled="@bool/enable_system_foreground_service_default"
60-->[androidx.work:work-runtime:2.5.0] AndroidManifest.xml:55:13-77
61            android:exported="false" />
61-->[androidx.work:work-runtime:2.5.0] AndroidManifest.xml:56:13-37
62
63        <receiver
63-->[androidx.work:work-runtime:2.5.0] AndroidManifest.xml:59:9-64:35
64            android:name="androidx.work.impl.utils.ForceStopRunnable$BroadcastReceiver"
64-->[androidx.work:work-runtime:2.5.0] AndroidManifest.xml:60:13-88
65            android:directBootAware="false"
65-->[androidx.work:work-runtime:2.5.0] AndroidManifest.xml:61:13-44
66            android:enabled="true"
66-->[androidx.work:work-runtime:2.5.0] AndroidManifest.xml:62:13-35
67            android:exported="false" />
67-->[androidx.work:work-runtime:2.5.0] AndroidManifest.xml:63:13-37
68        <receiver
68-->[androidx.work:work-runtime:2.5.0] AndroidManifest.xml:65:9-75:20
69            android:name="androidx.work.impl.background.systemalarm.ConstraintProxy$BatteryChargingProxy"
69-->[androidx.work:work-runtime:2.5.0] AndroidManifest.xml:66:13-106
70            android:directBootAware="false"
70-->[androidx.work:work-runtime:2.5.0] AndroidManifest.xml:67:13-44
71            android:enabled="false"
71-->[androidx.work:work-runtime:2.5.0] AndroidManifest.xml:68:13-36
72            android:exported="false" >
72-->[androidx.work:work-runtime:2.5.0] AndroidManifest.xml:69:13-37
73            <intent-filter>
73-->[androidx.work:work-runtime:2.5.0] AndroidManifest.xml:71:13-74:29
74                <action android:name="android.intent.action.ACTION_POWER_CONNECTED" />
74-->[androidx.work:work-runtime:2.5.0] AndroidManifest.xml:72:17-87
74-->[androidx.work:work-runtime:2.5.0] AndroidManifest.xml:72:25-84
75                <action android:name="android.intent.action.ACTION_POWER_DISCONNECTED" />
75-->[androidx.work:work-runtime:2.5.0] AndroidManifest.xml:73:17-90
75-->[androidx.work:work-runtime:2.5.0] AndroidManifest.xml:73:25-87
76            </intent-filter>
77        </receiver>
78        <receiver
78-->[androidx.work:work-runtime:2.5.0] AndroidManifest.xml:76:9-86:20
79            android:name="androidx.work.impl.background.systemalarm.ConstraintProxy$BatteryNotLowProxy"
79-->[androidx.work:work-runtime:2.5.0] AndroidManifest.xml:77:13-104
80            android:directBootAware="false"
80-->[androidx.work:work-runtime:2.5.0] AndroidManifest.xml:78:13-44
81            android:enabled="false"
81-->[androidx.work:work-runtime:2.5.0] AndroidManifest.xml:79:13-36
82            android:exported="false" >
82-->[androidx.work:work-runtime:2.5.0] AndroidManifest.xml:80:13-37
83            <intent-filter>
83-->[androidx.work:work-runtime:2.5.0] AndroidManifest.xml:82:13-85:29
84                <action android:name="android.intent.action.BATTERY_OKAY" />
84-->[androidx.work:work-runtime:2.5.0] AndroidManifest.xml:83:17-77
84-->[androidx.work:work-runtime:2.5.0] AndroidManifest.xml:83:25-74
85                <action android:name="android.intent.action.BATTERY_LOW" />
85-->[androidx.work:work-runtime:2.5.0] AndroidManifest.xml:84:17-76
85-->[androidx.work:work-runtime:2.5.0] AndroidManifest.xml:84:25-73
86            </intent-filter>
87        </receiver>
88        <receiver
88-->[androidx.work:work-runtime:2.5.0] AndroidManifest.xml:87:9-97:20
89            android:name="androidx.work.impl.background.systemalarm.ConstraintProxy$StorageNotLowProxy"
89-->[androidx.work:work-runtime:2.5.0] AndroidManifest.xml:88:13-104
90            android:directBootAware="false"
90-->[androidx.work:work-runtime:2.5.0] AndroidManifest.xml:89:13-44
91            android:enabled="false"
91-->[androidx.work:work-runtime:2.5.0] AndroidManifest.xml:90:13-36
92            android:exported="false" >
92-->[androidx.work:work-runtime:2.5.0] AndroidManifest.xml:91:13-37
93            <intent-filter>
93-->[androidx.work:work-runtime:2.5.0] AndroidManifest.xml:93:13-96:29
94                <action android:name="android.intent.action.DEVICE_STORAGE_LOW" />
94-->[androidx.work:work-runtime:2.5.0] AndroidManifest.xml:94:17-83
94-->[androidx.work:work-runtime:2.5.0] AndroidManifest.xml:94:25-80
95                <action android:name="android.intent.action.DEVICE_STORAGE_OK" />
95-->[androidx.work:work-runtime:2.5.0] AndroidManifest.xml:95:17-82
95-->[androidx.work:work-runtime:2.5.0] AndroidManifest.xml:95:25-79
96            </intent-filter>
97        </receiver>
98        <receiver
98-->[androidx.work:work-runtime:2.5.0] AndroidManifest.xml:98:9-107:20
99            android:name="androidx.work.impl.background.systemalarm.ConstraintProxy$NetworkStateProxy"
99-->[androidx.work:work-runtime:2.5.0] AndroidManifest.xml:99:13-103
100            android:directBootAware="false"
100-->[androidx.work:work-runtime:2.5.0] AndroidManifest.xml:100:13-44
101            android:enabled="false"
101-->[androidx.work:work-runtime:2.5.0] AndroidManifest.xml:101:13-36
102            android:exported="false" >
102-->[androidx.work:work-runtime:2.5.0] AndroidManifest.xml:102:13-37
103            <intent-filter>
103-->[androidx.work:work-runtime:2.5.0] AndroidManifest.xml:104:13-106:29
104                <action android:name="android.net.conn.CONNECTIVITY_CHANGE" />
104-->[androidx.work:work-runtime:2.5.0] AndroidManifest.xml:105:17-79
104-->[androidx.work:work-runtime:2.5.0] AndroidManifest.xml:105:25-76
105            </intent-filter>
106        </receiver>
107        <receiver
107-->[androidx.work:work-runtime:2.5.0] AndroidManifest.xml:108:9-119:20
108            android:name="androidx.work.impl.background.systemalarm.RescheduleReceiver"
108-->[androidx.work:work-runtime:2.5.0] AndroidManifest.xml:109:13-88
109            android:directBootAware="false"
109-->[androidx.work:work-runtime:2.5.0] AndroidManifest.xml:110:13-44
110            android:enabled="false"
110-->[androidx.work:work-runtime:2.5.0] AndroidManifest.xml:111:13-36
111            android:exported="false" >
111-->[androidx.work:work-runtime:2.5.0] AndroidManifest.xml:112:13-37
112            <intent-filter>
112-->[androidx.work:work-runtime:2.5.0] AndroidManifest.xml:114:13-118:29
113                <action android:name="android.intent.action.BOOT_COMPLETED" />
113-->[androidx.work:work-runtime:2.5.0] AndroidManifest.xml:115:17-79
113-->[androidx.work:work-runtime:2.5.0] AndroidManifest.xml:115:25-76
114                <action android:name="android.intent.action.TIME_SET" />
114-->[androidx.work:work-runtime:2.5.0] AndroidManifest.xml:116:17-73
114-->[androidx.work:work-runtime:2.5.0] AndroidManifest.xml:116:25-70
115                <action android:name="android.intent.action.TIMEZONE_CHANGED" />
115-->[androidx.work:work-runtime:2.5.0] AndroidManifest.xml:117:17-81
115-->[androidx.work:work-runtime:2.5.0] AndroidManifest.xml:117:25-78
116            </intent-filter>
117        </receiver>
118        <receiver
118-->[androidx.work:work-runtime:2.5.0] AndroidManifest.xml:120:9-129:20
119            android:name="androidx.work.impl.background.systemalarm.ConstraintProxyUpdateReceiver"
119-->[androidx.work:work-runtime:2.5.0] AndroidManifest.xml:121:13-99
120            android:directBootAware="false"
120-->[androidx.work:work-runtime:2.5.0] AndroidManifest.xml:122:13-44
121            android:enabled="@bool/enable_system_alarm_service_default"
121-->[androidx.work:work-runtime:2.5.0] AndroidManifest.xml:123:13-72
122            android:exported="false" >
122-->[androidx.work:work-runtime:2.5.0] AndroidManifest.xml:124:13-37
123            <intent-filter>
123-->[androidx.work:work-runtime:2.5.0] AndroidManifest.xml:126:13-128:29
124                <action android:name="androidx.work.impl.background.systemalarm.UpdateProxies" />
124-->[androidx.work:work-runtime:2.5.0] AndroidManifest.xml:127:17-98
124-->[androidx.work:work-runtime:2.5.0] AndroidManifest.xml:127:25-95
125            </intent-filter>
126        </receiver>
127        <receiver
127-->[androidx.work:work-runtime:2.5.0] AndroidManifest.xml:130:9-140:20
128            android:name="androidx.work.impl.diagnostics.DiagnosticsReceiver"
128-->[androidx.work:work-runtime:2.5.0] AndroidManifest.xml:131:13-78
129            android:directBootAware="false"
129-->[androidx.work:work-runtime:2.5.0] AndroidManifest.xml:132:13-44
130            android:enabled="true"
130-->[androidx.work:work-runtime:2.5.0] AndroidManifest.xml:133:13-35
131            android:exported="true"
131-->[androidx.work:work-runtime:2.5.0] AndroidManifest.xml:134:13-36
132            android:permission="android.permission.DUMP" >
132-->[androidx.work:work-runtime:2.5.0] AndroidManifest.xml:135:13-57
133            <intent-filter>
133-->[androidx.work:work-runtime:2.5.0] AndroidManifest.xml:137:13-139:29
134                <action android:name="androidx.work.diagnostics.REQUEST_DIAGNOSTICS" />
134-->[androidx.work:work-runtime:2.5.0] AndroidManifest.xml:138:17-88
134-->[androidx.work:work-runtime:2.5.0] AndroidManifest.xml:138:25-85
135            </intent-filter>
136        </receiver>
137
138        <service
138-->[androidx.room:room-runtime:2.2.5] AndroidManifest.xml:25:9-28:40
139            android:name="androidx.room.MultiInstanceInvalidationService"
139-->[androidx.room:room-runtime:2.2.5] AndroidManifest.xml:26:13-74
140            android:directBootAware="true"
140-->[androidx.room:room-runtime:2.2.5] AndroidManifest.xml:27:13-43
141            android:exported="false" />
141-->[androidx.room:room-runtime:2.2.5] AndroidManifest.xml:28:13-37
142    </application>
143
144</manifest>